<?xml version="1.0" encoding="UTF-8"?>
<!-- Generated by org.testng.reporters.JUnitXMLReporter -->
<testsuite hostname="Sony-PC" ignored="0" name="Default test" tests="3" failures="0" timestamp="07 May 2018 14:45:17 GMT" time="0.093" errors="0">
  <testcase name="b" time="0.015" classname="com.com.TestNG_Class._03TestNGPriorities"/>
  <testcase name="f" time="0.002" classname="com.com.TestNG_Class._03TestNGPriorities"/>
  <testcase name="t" time="0.001" classname="com.com.TestNG_Class._03TestNGPriorities"/>
</testsuite> <!-- Default test -->
