<?xml version="1.0" encoding="UTF-8"?>
<!-- Generated by org.testng.reporters.JUnitXMLReporter -->
<testsuite hostname="Sony-PC" name="Test" tests="4" failures="0" timestamp="11 May 2018 16:51:18 GMT" time="69.747" errors="0">
  <testcase name="f" time="0.002" classname="com.projectexecution.IntiateBrowser"/>
  <testcase name="verifyLoginTabErrorMSG_TC01" time="15.112" classname="com.projectexecution.VidalEnrollment_TS_01"/>
  <testcase name="verifyNewUserLnk_TC02" time="22.38" classname="com.projectexecution.VidalEnrollment_TS_01"/>
  <testcase name="verifyHealthCareButtons_Tc03" time="32.233" classname="com.projectexecution.VidalEnrollment_TS_01"/>
</testsuite> <!-- Test -->
