<?xml version="1.0" encoding="UTF-8"?>
<!-- Generated by org.testng.reporters.JUnitXMLReporter -->
<testsuite hostname="Sony-PC" ignored="0" name="Test" tests="12" failures="0" timestamp="06 May 2018 06:14:08 GMT" time="0.128" errors="0">
  <testcase name="f" time="0.008" classname="com.com.TestNG_Class._00MyTestNGProgram"/>
  <testcase name="f" time="0.005" classname="com.com.TestNG_Class._01TestNGAnnotation"/>
  <testcase name="b" time="0.002" classname="com.com.TestNG_Class._02TestNGMultiTest"/>
  <testcase name="f" time="0.002" classname="com.com.TestNG_Class._02TestNGMultiTest"/>
  <testcase name="t" time="0.002" classname="com.com.TestNG_Class._02TestNGMultiTest"/>
  <testcase name="b" time="0.002" classname="com.com.TestNG_Class._03TestNGPriorities"/>
  <testcase name="f" time="0.002" classname="com.com.TestNG_Class._03TestNGPriorities"/>
  <testcase name="t" time="0.028" classname="com.com.TestNG_Class._03TestNGPriorities"/>
  <testcase name="a" time="0.002" classname="com.com.TestNG_Class._04AnnotationWithTwoTest"/>
  <testcase name="f" time="0.002" classname="com.com.TestNG_Class._04AnnotationWithTwoTest"/>
  <testcase name="f" time="0.002" classname="com.com.TestNG_Class._05TestWithGroup"/>
  <testcase name="f" time="0.002" classname="com.com.TestNG_Class._06CompleteTestNGProgram"/>
</testsuite> <!-- Test -->
